2020-09-29 18:51:53,434 INFO  [Log] GDPR 
2020-09-29 18:52:01,260 INFO  [Log] Home Page 
2020-09-29 18:53:45,987 INFO  [Log] GDPR 
2020-09-29 18:53:46,709 INFO  [Log] btn_agree_EVENT 
2020-09-29 18:53:52,611 INFO  [Log] Login Button Clicked 
2020-09-29 18:54:28,429 INFO  [Log] Verify Button EVENT 
2020-09-29 18:54:36,383 INFO  [Log] Home Page 
2020-09-29 18:57:04,859 INFO  [Log] GDPR 
2020-09-29 18:57:05,484 INFO  [Log] btn_agree_EVENT 
2020-09-29 18:57:10,707 INFO  [Log] Login Button Clicked 
2020-09-29 18:57:46,271 INFO  [Log] Verify Button EVENT 
2020-09-29 19:02:29,614 INFO  [Log] GDPR 
2020-09-29 19:02:30,258 INFO  [Log] btn_agree_EVENT 
2020-09-29 19:02:35,678 INFO  [Log] Login Button Clicked 
2020-09-29 19:03:11,299 INFO  [Log] Verify Button EVENT 
2020-09-29 19:03:15,913 INFO  [Log] Verify Button EVENT 
2020-09-29 19:04:16,420 INFO  [Log] GDPR 
2020-09-29 19:04:22,374 INFO  [Log] Home Page 
2020-09-29 19:04:58,005 INFO  [Log] GDPR 
2020-09-29 19:04:58,665 INFO  [Log] btn_agree_EVENT 
2020-09-29 19:05:03,326 INFO  [Log] Login Button Clicked 
2020-09-29 19:05:39,373 INFO  [Log] Verify Button EVENT 
2020-09-29 19:05:44,118 INFO  [Log] Verify Button EVENT 
2020-09-29 19:05:47,661 INFO  [Log] Home Page 
2020-09-29 19:05:50,373 INFO  [Log] Banner_Action Click EVENT 
2020-09-29 19:07:36,498 INFO  [Log] GDPR 
2020-09-29 19:07:37,128 INFO  [Log] btn_agree_EVENT 
2020-09-29 19:07:42,478 INFO  [Log] Login Button Clicked 
2020-09-29 19:08:18,041 INFO  [Log] Verify Button EVENT 
2020-09-29 19:08:25,770 INFO  [Log] Verify Button EVENT 
2020-09-29 19:08:29,310 INFO  [Log] Home Page 
2020-09-29 19:09:41,948 INFO  [Log] GDPR 
2020-09-29 19:09:42,662 INFO  [Log] btn_agree_EVENT 
2020-09-29 19:09:47,885 INFO  [Log] Login Button Clicked 
2020-09-29 19:10:23,409 INFO  [Log] Verify Button EVENT 
2020-09-29 19:10:30,331 INFO  [Log] Verify Button EVENT 
2020-09-29 19:10:33,876 INFO  [Log] Home Page 
2020-09-29 19:10:36,782 INFO  [Log] Banner_Action Click EVENT 
2020-09-29 19:10:41,087 INFO  [Log] Movie_Category_Seeall Click EVENT 
2020-09-29 19:20:48,448 INFO  [Log] GDPR 
2020-09-29 19:20:49,110 INFO  [Log] btn_agree_EVENT 
2020-09-29 19:20:53,560 INFO  [Log] Login Button Clicked 
2020-09-29 19:21:29,097 INFO  [Log] Verify Button EVENT 
2020-09-29 19:21:37,536 INFO  [Log] Verify Button EVENT 
2020-09-29 19:21:41,079 INFO  [Log] Home Page 
2020-09-29 19:21:43,842 INFO  [Log] Banner_Action Click EVENT 
2020-09-29 19:21:53,653 INFO  [Log] Feed_View_Action EVENT 
2020-09-29 19:21:55,085 INFO  [Log] Feed_View_Action EVENT 
2020-09-30 12:50:19,630 INFO  [Log] GDPR 
2020-09-30 12:50:20,341 INFO  [Log] btn_agree_EVENT 
2020-09-30 12:50:25,130 INFO  [Log] Login Button Clicked 
2020-09-30 12:51:00,744 INFO  [Log] Verify Button EVENT 
2020-09-30 12:51:08,467 INFO  [Log] Verify Button EVENT 
2020-09-30 12:51:12,021 INFO  [Log] Home Page 
2020-09-30 12:51:16,582 INFO  [Log] Banner_Action Click EVENT 
2020-09-30 13:05:32,580 INFO  [Log] GDPR 
2020-09-30 13:05:33,199 INFO  [Log] btn_agree_EVENT 
2020-09-30 13:05:38,442 INFO  [Log] Login Button Clicked 
2020-09-30 13:06:14,029 INFO  [Log] Verify Button EVENT 
2020-09-30 13:06:18,762 INFO  [Log] Verify Button EVENT 
2020-09-30 13:06:22,318 INFO  [Log] Home Page 
2020-09-30 13:06:25,363 INFO  [Log] Banner_Action Click EVENT 
2020-09-30 13:06:32,888 INFO  [Log] Banner_Action Click EVENT 
2020-09-30 14:53:25,439 INFO  [Log] GDPR 
2020-09-30 14:53:26,200 INFO  [Log] btn_agree_EVENT 
2020-09-30 14:53:31,077 INFO  [Log] Login Button Clicked 
2020-09-30 14:55:13,403 INFO  [Log] GDPR 
2020-09-30 14:55:19,404 INFO  [Log] Home Page 
2020-09-30 14:57:54,512 INFO  [Log] GDPR 
2020-09-30 14:57:55,279 INFO  [Log] btn_agree_EVENT 
2020-09-30 14:58:00,107 INFO  [Log] Login Button Clicked 
2020-09-30 14:58:35,690 INFO  [Log] Verify Button EVENT 
2020-09-30 14:58:44,078 INFO  [Log] Verify Button EVENT 
2020-09-30 14:58:47,622 INFO  [Log] Home Page 
2020-09-30 15:01:38,222 INFO  [Log] GDPR 
2020-09-30 15:01:38,856 INFO  [Log] btn_agree_EVENT 
2020-09-30 15:01:44,100 INFO  [Log] Login Button Clicked 
2020-09-30 15:02:19,673 INFO  [Log] Verify Button EVENT 
2020-09-30 15:06:35,754 INFO  [Log] GDPR 
2020-09-30 15:06:36,532 INFO  [Log] btn_agree_EVENT 
2020-09-30 15:06:42,304 INFO  [Log] Login Button Clicked 
2020-09-30 15:07:17,841 INFO  [Log] Verify Button EVENT 
2020-09-30 15:07:22,770 INFO  [Log] Verify Button EVENT 
2020-09-30 15:07:32,370 INFO  [Log] categorylist 	Movie_Category_Seeall 
2020-09-30 15:24:45,187 INFO  [Log] GDPR 
2020-09-30 15:24:45,866 INFO  [Log] btn_agree_EVENT 
2020-09-30 15:24:50,976 INFO  [Log] Login Button Clicked 
2020-09-30 15:25:26,493 INFO  [Log] Verify Button EVENT 
2020-09-30 15:25:33,485 INFO  [Log] Verify Button EVENT 
2020-09-30 15:25:45,021 INFO  [Log] categorylist 	Movie_Category_Seeall 
2020-09-30 15:25:47,720 INFO  [Log] Action 
2020-09-30 15:25:50,281 INFO  [Log] category 
2020-09-30 15:31:55,617 INFO  [Log] GDPR 
2020-09-30 15:31:56,337 INFO  [Log] btn_agree_EVENT 
2020-09-30 15:32:01,725 INFO  [Log] Login Button Clicked 
2020-09-30 15:32:37,265 INFO  [Log] Verify Button EVENT 
2020-09-30 15:33:26,383 INFO  [Log] GDPR 
2020-09-30 15:33:27,098 INFO  [Log] btn_agree_EVENT 
2020-09-30 15:33:32,162 INFO  [Log] Login Button Clicked 
2020-09-30 15:34:08,432 INFO  [Log] Verify Button EVENT 
2020-09-30 15:34:15,427 INFO  [Log] Verify Button EVENT 
2020-09-30 15:34:24,250 INFO  [Log] categorylist 	Movie_Category_Seeall 
2020-09-30 15:34:26,592 INFO  [Log] Action 
2020-09-30 15:34:29,218 INFO  [Log] category 
2020-09-30 15:36:40,250 INFO  [Log] GDPR 
2020-09-30 15:36:40,956 INFO  [Log] btn_agree_EVENT 
2020-09-30 15:36:48,377 INFO  [Log] Login Button Clicked 
2020-09-30 15:37:24,404 INFO  [Log] Verify Button EVENT 
2020-09-30 15:37:30,991 INFO  [Log] Verify Button EVENT 
2020-09-30 15:37:39,073 INFO  [Log] categorylist 	Movie_Category_Seeall 
2020-09-30 15:37:41,377 INFO  [Log] Action 
2020-09-30 15:37:43,951 INFO  [Log] category 
2020-09-30 15:52:45,449 INFO  [Log] GDPR 
2020-09-30 15:53:45,968 INFO  [Log] GDPR 
2020-09-30 15:53:46,717 INFO  [Log] btn_agree_EVENT 
2020-09-30 15:53:51,499 INFO  [Log] Login Button Clicked 
2020-09-30 15:54:27,076 INFO  [Log] Verify Button EVENT 
2020-09-30 15:54:31,524 INFO  [Log] Verify Button EVENT 
2020-09-30 15:58:41,861 INFO  [Log] GDPR 
2020-09-30 15:58:42,569 INFO  [Log] btn_agree_EVENT 
2020-09-30 15:58:47,848 INFO  [Log] Login Button Clicked 
2020-09-30 15:59:23,414 INFO  [Log] Verify Button EVENT 
2020-09-30 15:59:31,003 INFO  [Log] Verify Button EVENT 
2020-09-30 16:43:15,781 INFO  [Log] GDPR 
2020-09-30 16:43:16,529 INFO  [Log] btn_agree_EVENT 
2020-09-30 16:43:22,104 INFO  [Log] Login Button Clicked 
2020-09-30 16:43:57,636 INFO  [Log] Verify Button EVENT 
2020-09-30 16:44:04,534 INFO  [Log] Verify Button EVENT 
2020-09-30 17:21:11,283 INFO  [Log] GDPR 
2020-09-30 17:21:12,255 INFO  [Log] btn_agree_EVENT 
2020-09-30 17:21:17,549 INFO  [Log] Login Button Clicked 
2020-09-30 17:21:53,033 INFO  [Log] Verify Button EVENT 
2020-09-30 17:22:04,443 INFO  [Log] Verify Button EVENT 
2020-09-30 18:38:26,484 INFO  [Log] GDPR 
2020-09-30 18:38:27,200 INFO  [Log] btn_agree_EVENT 
2020-09-30 18:38:31,610 INFO  [Log] Login Button Clicked 
2020-09-30 18:39:07,191 INFO  [Log] Verify Button EVENT 
2020-09-30 18:40:15,592 INFO  [Log] GDPR 
2020-09-30 18:42:05,820 INFO  [Log] GDPR 
2020-09-30 18:43:38,661 INFO  [Log] GDPR 
2020-09-30 18:43:39,421 INFO  [Log] btn_agree_EVENT 
2020-09-30 18:43:44,748 INFO  [Log] Login Button Clicked 
2020-09-30 18:44:20,315 INFO  [Log] Verify Button EVENT 
2020-09-30 18:44:25,708 INFO  [Log] Verify Button EVENT 
2020-09-30 18:46:27,934 INFO  [Log] GDPR 
2020-09-30 18:46:28,931 INFO  [Log] btn_agree_EVENT 
2020-09-30 18:46:34,147 INFO  [Log] Login Button Clicked 
2020-09-30 18:47:31,326 INFO  [Log] GDPR 
2020-09-30 18:47:32,022 INFO  [Log] btn_agree_EVENT 
2020-09-30 18:48:25,411 INFO  [Log] GDPR 
2020-09-30 18:48:26,072 INFO  [Log] btn_agree_EVENT 
2020-09-30 18:48:31,370 INFO  [Log] Login Button Clicked 
2020-09-30 18:49:06,917 INFO  [Log] Verify Button EVENT 
2020-09-30 18:49:12,206 INFO  [Log] Verify Button EVENT 
2020-10-01 11:20:39,020 INFO  [Log] GDPR 
2020-10-01 11:20:39,624 INFO  [Log] btn_agree_EVENT 
2020-10-01 11:20:44,905 INFO  [Log] Login Button Clicked 
2020-10-01 11:21:20,763 INFO  [Log] Verify Button EVENT 
2020-10-01 11:21:28,750 INFO  [Log] Verify Button EVENT 
2020-10-01 11:29:15,582 INFO  [Log] GDPR 
2020-10-01 11:29:16,376 INFO  [Log] btn_agree_EVENT 
2020-10-01 11:29:21,739 INFO  [Log] Login Button Clicked 
2020-10-01 11:29:57,313 INFO  [Log] Verify Button EVENT 
2020-10-01 11:30:02,405 INFO  [Log] Verify Button EVENT 
2020-10-01 11:36:14,160 INFO  [Log] GDPR 
2020-10-01 11:36:14,823 INFO  [Log] btn_agree_EVENT 
2020-10-01 11:36:20,197 INFO  [Log] Login Button Clicked 
2020-10-01 11:36:55,767 INFO  [Log] Verify Button EVENT 
2020-10-01 11:37:07,098 INFO  [Log] Verify Button EVENT 
2020-10-01 11:43:20,784 INFO  [Log] GDPR 
2020-10-01 11:43:21,566 INFO  [Log] btn_agree_EVENT 
2020-10-01 11:43:27,133 INFO  [Log] Login Button Clicked 
2020-10-01 11:44:02,725 INFO  [Log] Verify Button EVENT 
2020-10-01 11:44:09,260 INFO  [Log] Verify Button EVENT 
2020-10-01 11:59:05,136 INFO  [Log] GDPR 
2020-10-01 11:59:05,955 INFO  [Log] btn_agree_EVENT 
2020-10-01 11:59:11,882 INFO  [Log] Login Button Clicked 
2020-10-01 11:59:47,474 INFO  [Log] Verify Button EVENT 
2020-10-01 11:59:54,735 INFO  [Log] Verify Button EVENT 
2020-10-01 12:05:43,775 INFO  [Log] GDPR 
2020-10-01 12:05:44,522 INFO  [Log] btn_agree_EVENT 
2020-10-01 12:05:49,859 INFO  [Log] Login Button Clicked 
2020-10-01 12:06:25,355 INFO  [Log] Verify Button EVENT 
2020-10-01 12:06:29,796 INFO  [Log] Verify Button EVENT 
2020-10-01 12:49:51,122 INFO  [Log] GDPR 
2020-10-01 12:49:51,812 INFO  [Log] btn_agree_EVENT 
2020-10-01 12:49:56,878 INFO  [Log] Login Button Clicked 
2020-10-01 12:50:32,419 INFO  [Log] Verify Button EVENT 
2020-10-01 12:50:40,413 INFO  [Log] Verify Button EVENT 
2020-10-01 12:52:45,971 INFO  [Log] GDPR 
2020-10-01 12:52:46,704 INFO  [Log] btn_agree_EVENT 
2020-10-01 12:52:51,838 INFO  [Log] Login Button Clicked 
2020-10-01 12:53:27,433 INFO  [Log] Verify Button EVENT 
2020-10-01 12:53:34,127 INFO  [Log] Verify Button EVENT 
2020-10-01 12:57:49,686 INFO  [Log] GDPR 
2020-10-01 12:57:50,308 INFO  [Log] btn_agree_EVENT 
2020-10-01 12:57:55,287 INFO  [Log] Login Button Clicked 
2020-10-01 12:58:30,832 INFO  [Log] Verify Button EVENT 
2020-10-01 12:58:33,834 INFO  [Log] Verify Button EVENT 
2020-10-01 14:46:04,014 INFO  [Log] GDPR 
2020-10-01 14:46:04,880 INFO  [Log] btn_agree_EVENT 
2020-10-01 14:46:10,180 INFO  [Log] Login Button Clicked 
2020-10-01 14:46:45,792 INFO  [Log] Verify Button EVENT 
2020-10-01 14:46:52,474 INFO  [Log] Verify Button EVENT 
2020-10-01 14:52:24,765 INFO  [Log] GDPR 
2020-10-01 14:52:25,534 INFO  [Log] btn_agree_EVENT 
2020-10-01 14:52:30,489 INFO  [Log] Login Button Clicked 
2020-10-01 14:53:06,455 INFO  [Log] Verify Button EVENT 
2020-10-01 14:53:10,494 INFO  [Log] Verify Button EVENT 
2020-10-01 14:55:23,842 INFO  [Log] GDPR 
2020-10-01 14:56:17,399 INFO  [Log] GDPR 
2020-10-01 14:56:18,151 INFO  [Log] btn_agree_EVENT 
2020-10-01 14:56:22,822 INFO  [Log] Login Button Clicked 
2020-10-01 14:56:58,338 INFO  [Log] Verify Button EVENT 
2020-10-01 14:57:05,832 INFO  [Log] Verify Button EVENT 
2020-10-01 15:08:28,087 INFO  [Log] GDPR 
2020-10-01 15:08:28,764 INFO  [Log] btn_agree_EVENT 
2020-10-01 15:08:34,132 INFO  [Log] Login Button Clicked 
2020-10-01 15:09:10,037 INFO  [Log] Verify Button EVENT 
2020-10-01 15:09:23,217 INFO  [Log] Verify Button EVENT 
2020-10-01 15:10:20,504 INFO  [Log] GDPR 
2020-10-01 15:13:37,325 INFO  [Log] GDPR 
2020-10-01 15:13:38,034 INFO  [Log] btn_agree_EVENT 
2020-10-01 15:14:38,077 INFO  [Log] GDPR 
2020-10-01 15:15:47,440 INFO  [Log] GDPR 
2020-10-01 15:48:43,556 INFO  [Log] GDPR 
2020-10-01 15:48:44,305 INFO  [Log] btn_agree_EVENT 
2020-10-01 15:48:49,800 INFO  [Log] Login Button Clicked 
2020-10-01 15:49:25,346 INFO  [Log] Verify Button EVENT 
2020-10-01 15:49:30,570 INFO  [Log] Verify Button EVENT 
2020-10-01 15:51:13,917 INFO  [Log] GDPR 
2020-10-01 15:51:14,517 INFO  [Log] btn_agree_EVENT 
2020-10-01 15:51:55,890 INFO  [Log] GDPR 
2020-10-01 15:51:56,532 INFO  [Log] btn_agree_EVENT 
2020-10-01 15:52:03,265 INFO  [Log] Login Button Clicked 
2020-10-01 15:52:38,786 INFO  [Log] Verify Button EVENT 
2020-10-01 15:52:46,364 INFO  [Log] Verify Button EVENT 
2020-10-01 15:52:53,173 INFO  [Log] categorylist 	Movie_Category_Seeall 
2020-10-01 15:52:55,454 INFO  [Log] Action 
2020-10-01 15:57:00,213 INFO  [Log] GDPR 
2020-10-01 15:57:00,856 INFO  [Log] btn_agree_EVENT 
2020-10-01 15:57:05,479 INFO  [Log] Login Button Clicked 
2020-10-01 15:57:41,065 INFO  [Log] Verify Button EVENT 
2020-10-01 15:57:48,342 INFO  [Log] Verify Button EVENT 
2020-10-01 15:59:07,976 INFO  [Log] GDPR 
2020-10-01 15:59:08,600 INFO  [Log] btn_agree_EVENT 
2020-10-01 15:59:13,696 INFO  [Log] Login Button Clicked 
2020-10-01 15:59:49,260 INFO  [Log] Verify Button EVENT 
2020-10-01 15:59:53,865 INFO  [Log] Verify Button EVENT 
2020-10-01 16:00:03,492 INFO  [Log] categorylist 	Movie_Category_Seeall 
2020-10-01 16:00:05,770 INFO  [Log] Action 
2020-10-01 16:01:48,058 INFO  [Log] GDPR 
2020-10-01 16:01:48,679 INFO  [Log] btn_agree_EVENT 
2020-10-01 16:01:53,808 INFO  [Log] Login Button Clicked 
2020-10-01 16:02:29,429 INFO  [Log] Verify Button EVENT 
2020-10-01 16:02:34,948 INFO  [Log] Verify Button EVENT 
2020-10-01 16:02:44,502 INFO  [Log] categorylist 	Movie_Category_Seeall 
2020-10-01 16:02:46,759 INFO  [Log] Action 
2020-10-01 16:55:03,399 INFO  [Log] GDPR 
2020-10-01 16:55:04,237 INFO  [Log] btn_agree_EVENT 
2020-10-01 16:55:09,484 INFO  [Log] Login Button Clicked 
2020-10-01 16:56:19,085 INFO  [Log] GDPR 
2020-10-01 17:00:19,837 INFO  [Log] GDPR 
2020-10-01 17:00:20,577 INFO  [Log] btn_agree_EVENT 
2020-10-01 17:00:26,261 INFO  [Log] Login Button Clicked 
2020-10-01 17:01:02,331 INFO  [Log] Verify Button EVENT 
2020-10-01 17:01:10,751 INFO  [Log] Verify Button EVENT 
2020-10-01 17:01:20,892 INFO  [Log] categorylist 	Movie_Category_Seeall 
2020-10-01 17:01:23,167 INFO  [Log] Action 
2020-10-01 17:03:03,119 INFO  [Log] GDPR 
2020-10-01 17:03:03,861 INFO  [Log] btn_agree_EVENT 
2020-10-01 17:03:09,088 INFO  [Log] Login Button Clicked 
2020-10-01 17:03:44,586 INFO  [Log] Verify Button EVENT 
2020-10-01 17:03:55,375 INFO  [Log] Verify Button EVENT 
2020-10-01 17:04:05,842 INFO  [Log] categorylist 	Movie_Category_Seeall 
2020-10-01 17:04:08,160 INFO  [Log] Action 
2020-10-01 17:05:12,499 INFO  [Log] GDPR 
2020-10-01 17:05:13,248 INFO  [Log] btn_agree_EVENT 
2020-10-01 17:05:18,718 INFO  [Log] Login Button Clicked 
2020-10-01 17:05:54,264 INFO  [Log] Verify Button EVENT 
2020-10-01 17:06:01,602 INFO  [Log] Verify Button EVENT 
2020-10-01 17:06:10,297 INFO  [Log] categorylist 	Movie_Category_Seeall 
2020-10-01 17:06:12,646 INFO  [Log] Action 
2020-10-05 12:15:20,293 INFO  [Log] GDPR 
2020-10-05 12:16:04,536 INFO  [Log] GDPR 
2020-10-05 12:16:17,752 INFO  [Log] GDPR 
2020-10-05 12:16:18,264 INFO  [Log] btn_agree_EVENT 
2020-10-05 12:16:22,817 INFO  [Log] Login Button Clicked 
2020-10-05 12:16:58,663 INFO  [Log] Verify Button EVENT 
2020-10-05 12:17:07,617 INFO  [Log] Verify Button EVENT 
2020-10-05 12:18:11,801 INFO  [Log] GDPR 
2020-10-05 12:18:12,424 INFO  [Log] btn_agree_EVENT 
2020-10-05 12:18:17,126 INFO  [Log] Login Button Clicked 
2020-10-05 12:18:52,686 INFO  [Log] Verify Button EVENT 
2020-10-05 12:18:57,349 INFO  [Log] Verify Button EVENT 
2020-10-05 12:19:06,569 INFO  [Log] categorylist 	Movie_Category_Seeall 
2020-10-05 12:19:08,879 INFO  [Log] Action 
2020-10-05 12:20:38,345 INFO  [Log] GDPR 
2020-10-05 12:20:39,068 INFO  [Log] btn_agree_EVENT 
2020-10-05 12:20:45,069 INFO  [Log] Login Button Clicked 
2020-10-05 12:21:20,614 INFO  [Log] Verify Button EVENT 
2020-10-05 12:21:25,186 INFO  [Log] Verify Button EVENT 
2020-10-05 12:21:34,409 INFO  [Log] categorylist 	Movie_Category_Seeall 
2020-10-05 12:21:36,727 INFO  [Log] Action 
2020-10-05 12:22:56,425 INFO  [Log] GDPR 
2020-10-05 12:22:57,151 INFO  [Log] btn_agree_EVENT 
2020-10-05 12:23:03,903 INFO  [Log] Login Button Clicked 
2020-10-05 12:23:39,487 INFO  [Log] Verify Button EVENT 
2020-10-05 12:23:44,667 INFO  [Log] Verify Button EVENT 
2020-10-05 12:23:54,283 INFO  [Log] categorylist 	Movie_Category_Seeall 
2020-10-05 12:23:56,630 INFO  [Log] Action 
2020-10-05 12:28:23,670 INFO  [Log] GDPR 
2020-10-05 12:28:24,361 INFO  [Log] btn_agree_EVENT 
2020-10-05 12:28:29,649 INFO  [Log] Login Button Clicked 
2020-10-05 12:29:05,255 INFO  [Log] Verify Button EVENT 
2020-10-05 12:29:12,005 INFO  [Log] Verify Button EVENT 
2020-10-05 12:29:20,595 INFO  [Log] categorylist 	Movie_Category_Seeall 
2020-10-05 12:29:23,613 INFO  [Log] Action 
2020-10-05 12:32:52,258 INFO  [Log] GDPR 
2020-10-05 12:32:52,948 INFO  [Log] btn_agree_EVENT 
2020-10-05 12:32:57,651 INFO  [Log] Login Button Clicked 
2020-10-05 12:33:33,231 INFO  [Log] Verify Button EVENT 
2020-10-05 12:33:36,451 INFO  [Log] Verify Button EVENT 
2020-10-05 12:33:46,523 INFO  [Log] categorylist 	Movie_Category_Seeall 
2020-10-05 12:33:48,828 INFO  [Log] Action 
2020-10-05 12:51:07,062 INFO  [Log] GDPR 
2020-10-05 12:51:07,697 INFO  [Log] btn_agree_EVENT 
2020-10-05 12:51:13,585 INFO  [Log] Login Button Clicked 
2020-10-05 12:51:49,241 INFO  [Log] Verify Button EVENT 
2020-10-05 12:51:53,834 INFO  [Log] Verify Button EVENT 
2020-10-05 12:52:02,614 INFO  [Log] categorylist 	Movie_Category_Seeall 
2020-10-05 12:52:04,889 INFO  [Log] Action 
2020-10-05 12:54:32,738 INFO  [Log] GDPR 
2020-10-05 12:54:33,516 INFO  [Log] btn_agree_EVENT 
2020-10-05 12:55:47,062 INFO  [Log] GDPR 
2020-10-05 12:55:47,694 INFO  [Log] btn_agree_EVENT 
2020-10-05 12:55:52,503 INFO  [Log] Login Button Clicked 
2020-10-05 12:56:28,068 INFO  [Log] Verify Button EVENT 
2020-10-05 12:56:34,808 INFO  [Log] Verify Button EVENT 
2020-10-05 12:56:43,219 INFO  [Log] categorylist 	Movie_Category_Seeall 
2020-10-05 12:56:45,540 INFO  [Log] Action 
2020-10-05 13:00:18,419 INFO  [Log] GDPR 
2020-10-05 13:00:19,055 INFO  [Log] btn_agree_EVENT 
2020-10-05 13:00:24,367 INFO  [Log] Login Button Clicked 
2020-10-05 13:00:59,931 INFO  [Log] Verify Button EVENT 
2020-10-05 13:01:07,305 INFO  [Log] Verify Button EVENT 
2020-10-05 13:01:15,880 INFO  [Log] categorylist 	Movie_Category_Seeall 
2020-10-05 13:01:18,614 INFO  [Log] Action 
2020-10-05 13:02:59,625 INFO  [Log] GDPR 
2020-10-05 13:03:00,254 INFO  [Log] btn_agree_EVENT 
2020-10-05 13:03:05,931 INFO  [Log] Login Button Clicked 
2020-10-05 13:03:41,498 INFO  [Log] Verify Button EVENT 
2020-10-05 13:05:01,075 INFO  [Log] GDPR 
2020-10-05 13:05:01,690 INFO  [Log] btn_agree_EVENT 
2020-10-05 13:08:54,288 INFO  [Log] GDPR 
2020-10-05 13:08:54,951 INFO  [Log] btn_agree_EVENT 
2020-10-05 13:08:59,699 INFO  [Log] Login Button Clicked 
2020-10-05 13:09:35,415 INFO  [Log] Verify Button EVENT 
2020-10-05 13:09:41,421 INFO  [Log] Verify Button EVENT 
2020-10-05 13:09:49,839 INFO  [Log] categorylist 	Movie_Category_Seeall 
2020-10-05 13:09:52,100 INFO  [Log] Action 
2020-10-06 16:48:25,773 INFO  [Log] GDPR 
2020-10-06 16:48:26,397 INFO  [Log] btn_agree_EVENT 
2020-10-06 16:48:32,376 INFO  [Log] Login Button Clicked 
2020-10-06 16:49:07,877 INFO  [Log] Verify Button EVENT 
2020-10-06 16:49:17,948 INFO  [Log] Verify Button EVENT 
2020-10-06 16:50:18,195 INFO  [Log] GDPR 
2020-10-06 16:50:18,830 INFO  [Log] btn_agree_EVENT 
2020-10-06 16:50:23,506 INFO  [Log] Login Button Clicked 
2020-10-06 16:50:59,074 INFO  [Log] Verify Button EVENT 
2020-10-06 16:51:02,919 INFO  [Log] Verify Button EVENT 
2020-10-06 16:51:12,342 INFO  [Log] categorylist 	Movie_Category_Seeall 
2020-10-06 16:51:14,607 INFO  [Log] Action 
2020-10-06 16:53:43,430 INFO  [Log] GDPR 
2020-10-06 16:53:44,064 INFO  [Log] btn_agree_EVENT 
2020-10-06 16:53:49,371 INFO  [Log] Login Button Clicked 
2020-10-06 16:54:25,009 INFO  [Log] Verify Button EVENT 
2020-10-06 16:54:30,357 INFO  [Log] Verify Button EVENT 
2020-10-06 16:54:39,695 INFO  [Log] categorylist 	Movie_Category_Seeall 
2020-10-06 16:54:41,921 INFO  [Log] Action 
2020-10-06 17:07:40,757 INFO  [Log] GDPR 
2020-10-06 17:07:41,559 INFO  [Log] btn_agree_EVENT 
2020-10-06 17:07:48,048 INFO  [Log] Login Button Clicked 
2020-10-06 17:08:23,593 INFO  [Log] Verify Button EVENT 
2020-10-06 17:08:29,948 INFO  [Log] Verify Button EVENT 
2020-10-06 17:08:39,072 INFO  [Log] categorylist 	Movie_Category_Seeall 
2020-10-06 17:08:41,384 INFO  [Log] Action 
2020-10-06 17:11:09,811 INFO  [Log] GDPR 
2020-10-06 17:11:10,684 INFO  [Log] btn_agree_EVENT 
2020-10-06 17:11:16,505 INFO  [Log] Login Button Clicked 
2020-10-06 17:11:52,054 INFO  [Log] Verify Button EVENT 
2020-10-06 17:11:57,781 INFO  [Log] Verify Button EVENT 
2020-10-06 17:12:07,433 INFO  [Log] categorylist 	Movie_Category_Seeall 
2020-10-06 17:12:09,740 INFO  [Log] Action 
2020-10-12 15:13:26,231 INFO  [Log] GDPR 
2020-10-12 15:13:27,148 INFO  [Log] btn_agree_EVENT 
2020-10-12 15:13:32,603 INFO  [Log] Login Button Clicked 
2020-10-12 15:14:08,148 INFO  [Log] Verify Button EVENT 
2020-10-12 15:14:55,469 INFO  [Log] GDPR 
2020-10-12 15:14:56,174 INFO  [Log] btn_agree_EVENT 
2020-10-12 15:15:01,388 INFO  [Log] Login Button Clicked 
2020-10-12 15:15:36,953 INFO  [Log] Verify Button EVENT 
2020-10-12 15:15:42,316 INFO  [Log] Verify Button EVENT 
2020-10-12 15:15:51,140 INFO  [Log] categorylist 	Movie_Category_Seeall 
2020-10-12 15:15:53,390 INFO  [Log] Action 
2020-10-12 15:17:43,005 INFO  [Log] GDPR 
2020-10-12 15:17:43,755 INFO  [Log] btn_agree_EVENT 
2020-10-12 15:17:49,815 INFO  [Log] Login Button Clicked 
2020-10-12 15:18:25,381 INFO  [Log] Verify Button EVENT 
2020-10-12 15:22:36,618 INFO  [Log] GDPR 
2020-10-12 15:22:37,294 INFO  [Log] btn_agree_EVENT 
2020-10-12 15:32:27,945 INFO  [Log] GDPR 
2020-10-12 15:32:28,596 INFO  [Log] btn_agree_EVENT 
2020-10-12 15:32:33,324 INFO  [Log] Login Button Clicked 
2020-10-12 15:33:09,352 INFO  [Log] Verify Button EVENT 
2020-10-12 15:33:14,375 INFO  [Log] Verify Button EVENT 
2020-10-12 15:33:24,712 INFO  [Log] categorylist 	Movie_Category_Seeall 
2020-10-12 15:33:29,592 INFO  [Log] Action 
2020-10-12 15:34:56,974 INFO  [Log] GDPR 
2020-10-12 15:34:57,652 INFO  [Log] btn_agree_EVENT 
2020-10-12 15:35:02,786 INFO  [Log] Login Button Clicked 
2020-10-12 15:35:38,337 INFO  [Log] Verify Button EVENT 
2020-10-12 15:35:43,919 INFO  [Log] Verify Button EVENT 
2020-10-12 15:35:52,521 INFO  [Log] categorylist 	Movie_Category_Seeall 
2020-10-12 15:35:54,790 INFO  [Log] Action 
2020-10-12 15:37:58,133 INFO  [Log] GDPR 
2020-10-12 15:37:58,884 INFO  [Log] btn_agree_EVENT 
2020-10-12 15:38:03,666 INFO  [Log] Login Button Clicked 
2020-10-12 15:38:39,582 INFO  [Log] Verify Button EVENT 
2020-10-12 15:38:47,366 INFO  [Log] Verify Button EVENT 
2020-10-12 15:38:55,992 INFO  [Log] categorylist 	Movie_Category_Seeall 
2020-10-12 15:38:58,569 INFO  [Log] Action 
2020-10-15 14:48:21,663 INFO  [Log] GDPR 
2020-10-15 14:48:22,296 INFO  [Log] btn_agree_EVENT 
2020-10-15 14:48:27,528 INFO  [Log] Login Button Clicked 
2020-10-15 14:49:03,069 INFO  [Log] Verify Button EVENT 
2020-10-15 14:49:10,095 INFO  [Log] Verify Button EVENT 
2020-10-15 14:49:19,187 INFO  [Log] categorylist 	Movie_Category_Seeall 
2020-10-15 14:49:21,493 INFO  [Log] Action 
2020-10-20 15:27:46,562 INFO  [Log] GDPR 
2020-10-20 15:27:47,493 INFO  [Log] btn_agree_EVENT 
2020-10-20 15:27:52,654 INFO  [Log] Login Button Clicked 
2020-10-20 15:28:28,454 INFO  [Log] Verify Button EVENT 
2020-10-20 15:28:36,331 INFO  [Log] Verify Button EVENT 
2020-10-20 15:29:54,283 INFO  [Log] GDPR 
2020-10-20 15:29:55,018 INFO  [Log] btn_agree_EVENT 
2020-10-20 15:30:00,207 INFO  [Log] Login Button Clicked 
2020-10-20 15:30:35,895 INFO  [Log] Verify Button EVENT 
2020-10-20 15:30:41,580 INFO  [Log] Verify Button EVENT 
2020-10-20 15:30:51,185 INFO  [Log] categorylist 	Movie_Category_Seeall 
2020-10-20 15:30:53,574 INFO  [Log] Action 
2020-10-20 15:32:27,807 INFO  [Log] GDPR 
2020-10-20 15:32:28,589 INFO  [Log] btn_agree_EVENT 
2020-10-20 15:32:33,631 INFO  [Log] Login Button Clicked 
2020-10-20 15:33:09,992 INFO  [Log] Verify Button EVENT 
2020-10-20 15:33:13,886 INFO  [Log] Verify Button EVENT 
2020-10-20 15:33:25,050 INFO  [Log] categorylist 	Movie_Category_Seeall 
2020-10-20 15:33:27,389 INFO  [Log] Action 
2020-10-20 15:35:18,044 INFO  [Log] GDPR 
2020-10-20 15:35:18,722 INFO  [Log] btn_agree_EVENT 
2020-10-20 15:35:24,237 INFO  [Log] Login Button Clicked 
2020-10-20 15:35:59,879 INFO  [Log] Verify Button EVENT 
2020-10-20 15:36:07,782 INFO  [Log] Verify Button EVENT 
2020-10-20 15:36:16,787 INFO  [Log] categorylist 	Movie_Category_Seeall 
2020-10-20 15:36:19,298 INFO  [Log] Action 
2020-10-20 15:37:58,743 INFO  [Log] GDPR 
2020-10-20 15:37:59,591 INFO  [Log] btn_agree_EVENT 
2020-10-20 15:38:04,250 INFO  [Log] Login Button Clicked 
2020-10-20 15:38:39,764 INFO  [Log] Verify Button EVENT 
2020-10-20 15:38:44,702 INFO  [Log] Verify Button EVENT 
2020-10-20 15:38:54,110 INFO  [Log] categorylist 	Movie_Category_Seeall 
2020-10-20 15:38:56,402 INFO  [Log] Action 
2020-10-20 15:41:03,045 INFO  [Log] GDPR 
2020-10-20 15:41:03,794 INFO  [Log] btn_agree_EVENT 
2020-10-20 15:41:08,458 INFO  [Log] Login Button Clicked 
2020-10-20 15:41:44,139 INFO  [Log] Verify Button EVENT 
2020-10-20 15:41:50,923 INFO  [Log] Verify Button EVENT 
2020-10-20 15:41:59,607 INFO  [Log] categorylist 	Movie_Category_Seeall 
2020-10-20 15:42:01,891 INFO  [Log] Action 
2020-10-20 16:23:15,755 INFO  [Log] GDPR 
2020-10-20 16:23:16,418 INFO  [Log] btn_agree_EVENT 
2020-10-20 16:23:21,327 INFO  [Log] Login Button Clicked 
2020-10-20 16:23:56,950 INFO  [Log] Verify Button EVENT 
2020-10-20 16:24:04,710 INFO  [Log] Verify Button EVENT 
2020-10-20 16:24:12,953 INFO  [Log] categorylist 	Movie_Category_Seeall 
2020-10-20 16:24:15,197 INFO  [Log] Action 
2020-10-20 16:25:57,771 INFO  [Log] GDPR 
2020-10-20 16:25:58,380 INFO  [Log] btn_agree_EVENT 
2020-10-20 16:26:04,617 INFO  [Log] Login Button Clicked 
2020-10-20 16:26:40,101 INFO  [Log] Verify Button EVENT 
2020-10-20 16:26:46,485 INFO  [Log] Verify Button EVENT 
2020-10-20 16:26:55,116 INFO  [Log] categorylist 	Movie_Category_Seeall 
2020-10-20 16:26:57,819 INFO  [Log] Action 
2020-10-20 16:33:02,031 INFO  [Log] GDPR 
2020-10-20 16:33:02,728 INFO  [Log] btn_agree_EVENT 
2020-10-20 16:33:07,941 INFO  [Log] Login Button Clicked 
2020-10-20 16:33:43,926 INFO  [Log] Verify Button EVENT 
2020-10-20 16:33:51,579 INFO  [Log] Verify Button EVENT 
2020-10-20 16:34:00,025 INFO  [Log] categorylist 	Movie_Category_Seeall 
2020-10-20 16:34:02,293 INFO  [Log] Action 
2020-10-20 16:57:48,541 INFO  [Log] GDPR 
2020-10-20 16:57:49,206 INFO  [Log] btn_agree_EVENT 
2020-10-20 16:57:54,394 INFO  [Log] Login Button Clicked 
2020-10-20 16:58:29,881 INFO  [Log] Verify Button EVENT 
2020-10-20 16:58:38,490 INFO  [Log] Verify Button EVENT 
2020-10-20 16:58:48,345 INFO  [Log] categorylist 	Movie_Category_Seeall 
2020-10-20 16:58:50,596 INFO  [Log] Action 
2020-10-20 17:01:04,160 INFO  [Log] GDPR 
2020-10-20 17:01:04,851 INFO  [Log] btn_agree_EVENT 
2020-10-20 17:01:10,382 INFO  [Log] Login Button Clicked 
2020-10-20 17:01:45,920 INFO  [Log] Verify Button EVENT 
2020-10-20 17:01:51,048 INFO  [Log] Verify Button EVENT 
2020-10-20 17:01:59,824 INFO  [Log] categorylist 	Movie_Category_Seeall 
2020-10-20 17:02:02,518 INFO  [Log] Action 
2020-10-20 17:03:22,567 INFO  [Log] GDPR 
2020-10-20 17:03:23,203 INFO  [Log] btn_agree_EVENT 
2020-10-20 17:03:28,921 INFO  [Log] Login Button Clicked 
2020-10-20 17:04:04,732 INFO  [Log] Verify Button EVENT 
2020-10-20 17:04:13,024 INFO  [Log] Verify Button EVENT 
2020-10-20 17:04:21,560 INFO  [Log] categorylist 	Movie_Category_Seeall 
2020-10-20 17:04:23,801 INFO  [Log] Action 
2020-10-20 17:05:56,934 INFO  [Log] GDPR 
2020-10-20 17:05:57,498 INFO  [Log] btn_agree_EVENT 
2020-10-20 17:06:43,513 INFO  [Log] GDPR 
2020-10-20 17:06:44,198 INFO  [Log] btn_agree_EVENT 
2020-10-20 17:06:49,767 INFO  [Log] Login Button Clicked 
2020-10-20 17:07:25,284 INFO  [Log] Verify Button EVENT 
2020-10-20 17:07:30,164 INFO  [Log] Verify Button EVENT 
2020-10-20 17:07:39,878 INFO  [Log] categorylist 	Movie_Category_Seeall 
2020-10-20 17:07:42,128 INFO  [Log] Action 
2020-10-20 17:58:38,222 INFO  [Log] GDPR 
2020-10-20 17:58:38,879 INFO  [Log] btn_agree_EVENT 
2020-10-20 17:58:44,486 INFO  [Log] Login Button Clicked 
2020-10-20 17:59:57,781 INFO  [Log] GDPR 
2020-10-20 18:00:44,195 INFO  [Log] GDPR 
2020-10-20 18:00:44,832 INFO  [Log] btn_agree_EVENT 
2020-10-20 18:00:49,723 INFO  [Log] Login Button Clicked 
2020-10-20 18:01:25,616 INFO  [Log] Verify Button EVENT 
2020-10-20 18:03:39,339 INFO  [Log] GDPR 
2020-10-20 18:03:39,931 INFO  [Log] btn_agree_EVENT 
2020-10-20 18:03:44,671 INFO  [Log] Login Button Clicked 
2020-10-20 18:04:52,087 INFO  [Log] GDPR 
2020-10-20 18:05:37,736 INFO  [Log] GDPR 
2020-10-20 18:05:40,026 INFO  [Log] btn_agree_EVENT 
2020-10-20 18:05:45,166 INFO  [Log] Login Button Clicked 
2020-10-20 18:06:20,667 INFO  [Log] Verify Button EVENT 
2020-10-20 18:06:28,640 INFO  [Log] Verify Button EVENT 
2020-10-20 18:07:35,991 INFO  [Log] GDPR 
2020-10-20 18:07:36,524 INFO  [Log] btn_agree_EVENT 
2020-10-20 18:07:41,099 INFO  [Log] Login Button Clicked 
2020-10-20 18:08:16,622 INFO  [Log] Verify Button EVENT 
2020-10-20 18:08:22,403 INFO  [Log] Verify Button EVENT 
2020-10-20 18:32:30,712 INFO  [Log] GDPR 
2020-10-20 18:32:31,250 INFO  [Log] btn_agree_EVENT 
2020-10-20 18:32:37,415 INFO  [Log] Login Button Clicked 
2020-10-20 18:33:12,960 INFO  [Log] Verify Button EVENT 
2020-10-20 18:33:17,587 INFO  [Log] Verify Button EVENT 
2020-10-20 18:35:17,452 INFO  [Log] GDPR 
2020-10-20 18:35:18,915 INFO  [Log] btn_agree_EVENT 
2020-10-20 18:35:24,379 INFO  [Log] Login Button Clicked 
2020-10-20 18:35:59,938 INFO  [Log] Verify Button EVENT 
2020-10-20 18:36:04,199 INFO  [Log] Verify Button EVENT 
2020-10-20 20:37:04,195 INFO  [Log] GDPR 
2020-10-20 20:38:15,939 INFO  [Log] GDPR 
2020-10-20 20:39:14,779 INFO  [Log] GDPR 
2020-10-20 20:39:15,874 INFO  [Log] btn_agree_EVENT 
2020-10-20 20:39:21,825 INFO  [Log] Login Button Clicked 
2020-10-20 20:39:57,704 INFO  [Log] Verify Button EVENT 
2020-10-20 20:40:07,246 INFO  [Log] Verify Button EVENT 
2020-10-20 20:50:11,609 INFO  [Log] GDPR 
2020-10-20 20:50:12,879 INFO  [Log] btn_agree_EVENT 
2020-10-20 20:50:19,562 INFO  [Log] Login Button Clicked 
2020-10-20 20:50:55,097 INFO  [Log] Verify Button EVENT 
2020-10-20 20:50:59,124 INFO  [Log] Verify Button EVENT 
2020-10-20 20:52:26,376 INFO  [Log] GDPR 
2020-10-20 20:52:27,680 INFO  [Log] btn_agree_EVENT 
2020-10-20 20:52:35,425 INFO  [Log] Login Button Clicked 
2020-10-20 20:53:10,944 INFO  [Log] Verify Button EVENT 
2020-10-20 20:53:17,497 INFO  [Log] Verify Button EVENT 
2020-10-20 21:11:26,143 INFO  [Log] GDPR 
2020-10-20 21:11:26,926 INFO  [Log] btn_agree_EVENT 
2020-10-20 21:11:32,819 INFO  [Log] Login Button Clicked 
2020-10-20 21:12:08,332 INFO  [Log] Verify Button EVENT 
2020-10-20 21:12:12,428 INFO  [Log] Verify Button EVENT 
2020-10-20 21:13:43,951 INFO  [Log] GDPR 
2020-10-20 21:13:44,583 INFO  [Log] btn_agree_EVENT 
2020-10-20 21:13:49,959 INFO  [Log] Login Button Clicked 
2020-10-20 21:14:25,456 INFO  [Log] Verify Button EVENT 
2020-10-20 21:14:30,242 INFO  [Log] Verify Button EVENT 
2020-10-20 21:18:00,707 INFO  [Log] GDPR 
2020-10-20 21:18:01,587 INFO  [Log] btn_agree_EVENT 
2020-10-20 21:18:07,116 INFO  [Log] Login Button Clicked 
2020-10-20 21:18:42,610 INFO  [Log] Verify Button EVENT 
2020-10-20 21:18:51,140 INFO  [Log] Verify Button EVENT 
2020-10-20 21:20:18,498 INFO  [Log] GDPR 
2020-10-20 21:20:19,143 INFO  [Log] btn_agree_EVENT 
2020-10-20 21:20:24,840 INFO  [Log] Login Button Clicked 
2020-10-20 21:21:00,356 INFO  [Log] Verify Button EVENT 
2020-10-20 21:21:07,428 INFO  [Log] Verify Button EVENT 
2020-10-20 21:26:59,125 INFO  [Log] GDPR 
2020-10-20 21:27:00,086 INFO  [Log] btn_agree_EVENT 
2020-10-20 21:27:05,684 INFO  [Log] Login Button Clicked 
2020-10-20 21:27:41,263 INFO  [Log] Verify Button EVENT 
2020-10-20 21:27:50,037 INFO  [Log] Verify Button EVENT 
2020-10-20 21:50:22,649 INFO  [Log] GDPR 
2020-10-20 21:50:23,356 INFO  [Log] btn_agree_EVENT 
2020-10-20 21:50:29,011 INFO  [Log] Login Button Clicked 
2020-10-20 21:51:04,637 INFO  [Log] Verify Button EVENT 
2020-10-20 21:52:23,118 INFO  [Log] GDPR 
2020-10-20 21:52:24,093 INFO  [Log] btn_agree_EVENT 
2020-10-20 21:52:30,111 INFO  [Log] Login Button Clicked 
2020-10-20 21:53:05,661 INFO  [Log] Verify Button EVENT 
2020-10-20 21:53:10,765 INFO  [Log] Verify Button EVENT 
2020-10-20 21:57:53,078 INFO  [Log] GDPR 
2020-10-20 21:57:54,042 INFO  [Log] btn_agree_EVENT 
2020-10-20 21:58:00,344 INFO  [Log] Login Button Clicked 
2020-10-20 21:58:36,365 INFO  [Log] Verify Button EVENT 
2020-10-20 21:58:43,955 INFO  [Log] Verify Button EVENT 
2020-10-20 22:02:34,178 INFO  [Log] GDPR 
2020-10-20 22:02:34,726 INFO  [Log] btn_agree_EVENT 
2020-10-20 22:02:39,606 INFO  [Log] Login Button Clicked 
2020-10-20 22:03:15,259 INFO  [Log] Verify Button EVENT 
2020-10-20 22:04:19,175 INFO  [Log] GDPR 
2020-10-20 22:04:19,964 INFO  [Log] btn_agree_EVENT 
2020-10-20 22:04:25,589 INFO  [Log] Login Button Clicked 
2020-10-20 22:05:01,491 INFO  [Log] Verify Button EVENT 
2020-10-20 22:05:06,333 INFO  [Log] Verify Button EVENT 
2020-10-20 22:07:11,655 INFO  [Log] GDPR 
2020-10-20 22:07:12,843 INFO  [Log] btn_agree_EVENT 
2020-10-20 22:07:18,564 INFO  [Log] Login Button Clicked 
2020-10-20 22:08:59,515 INFO  [Log] GDPR 
2020-10-20 22:09:00,519 INFO  [Log] btn_agree_EVENT 
2020-10-20 22:09:06,683 INFO  [Log] Login Button Clicked 
2020-10-20 22:09:42,798 INFO  [Log] Verify Button EVENT 
2020-10-20 22:09:47,964 INFO  [Log] Verify Button EVENT 
2020-10-20 22:11:43,996 INFO  [Log] GDPR 
2020-10-20 22:11:45,121 INFO  [Log] btn_agree_EVENT 
2020-10-20 22:11:50,716 INFO  [Log] Login Button Clicked 
2020-10-20 22:12:26,190 INFO  [Log] Verify Button EVENT 
2020-10-20 22:12:33,610 INFO  [Log] Verify Button EVENT 
2020-10-21 10:35:45,032 INFO  [Log] GDPR 
2020-10-21 10:35:45,832 INFO  [Log] btn_agree_EVENT 
2020-10-21 10:35:51,643 INFO  [Log] Login Button Clicked 
2020-10-21 10:36:27,475 INFO  [Log] Verify Button EVENT 
2020-10-21 10:36:31,975 INFO  [Log] Verify Button EVENT 
2020-10-21 10:41:07,452 INFO  [Log] GDPR 
2020-10-21 10:41:08,204 INFO  [Log] btn_agree_EVENT 
2020-10-21 10:41:13,008 INFO  [Log] Login Button Clicked 
2020-10-21 10:41:48,585 INFO  [Log] Verify Button EVENT 
2020-10-21 10:41:52,945 INFO  [Log] Verify Button EVENT 
2020-10-21 10:45:03,835 INFO  [Log] GDPR 
2020-10-21 10:45:04,550 INFO  [Log] btn_agree_EVENT 
2020-10-21 10:45:09,760 INFO  [Log] Login Button Clicked 
2020-10-21 10:45:45,307 INFO  [Log] Verify Button EVENT 
2020-10-21 10:45:50,722 INFO  [Log] Verify Button EVENT 
2020-10-21 10:47:26,668 INFO  [Log] GDPR 
2020-10-21 10:47:27,358 INFO  [Log] btn_agree_EVENT 
2020-10-21 10:47:32,131 INFO  [Log] Login Button Clicked 
2020-10-21 10:48:07,665 INFO  [Log] Verify Button EVENT 
2020-10-21 10:48:12,513 INFO  [Log] Verify Button EVENT 
2020-10-21 10:55:04,550 INFO  [Log] GDPR 
2020-10-21 10:55:05,339 INFO  [Log] btn_agree_EVENT 
2020-10-21 10:55:10,127 INFO  [Log] Login Button Clicked 
2020-10-21 10:55:45,691 INFO  [Log] Verify Button EVENT 
2020-10-21 10:55:51,510 INFO  [Log] Verify Button EVENT 
2020-10-21 11:00:05,891 INFO  [Log] GDPR 
2020-10-21 11:00:06,847 INFO  [Log] btn_agree_EVENT 
2020-10-21 11:00:12,509 INFO  [Log] Login Button Clicked 
2020-10-21 11:00:48,345 INFO  [Log] Verify Button EVENT 
2020-10-21 11:00:53,223 INFO  [Log] Verify Button EVENT 
2020-10-21 11:03:55,195 INFO  [Log] GDPR 
2020-10-21 11:03:57,897 INFO  [Log] btn_agree_EVENT 
2020-10-21 11:04:03,145 INFO  [Log] Login Button Clicked 
2020-10-21 11:04:41,575 INFO  [Log] Verify Button EVENT 
2020-10-21 11:04:47,056 INFO  [Log] Verify Button EVENT 
2020-10-21 11:56:50,843 INFO  [Log] GDPR 
2020-10-21 11:56:51,577 INFO  [Log] btn_agree_EVENT 
2020-10-21 11:56:56,738 INFO  [Log] Login Button Clicked 
2020-10-21 11:57:32,474 INFO  [Log] Verify Button EVENT 
2020-10-21 12:00:57,817 INFO  [Log] GDPR 
2020-10-21 12:00:58,525 INFO  [Log] btn_agree_EVENT 
2020-10-21 12:01:03,160 INFO  [Log] Login Button Clicked 
2020-10-21 12:01:38,774 INFO  [Log] Verify Button EVENT 
2020-10-21 12:03:22,417 INFO  [Log] GDPR 
2020-10-21 12:03:23,167 INFO  [Log] btn_agree_EVENT 
2020-10-21 12:03:28,249 INFO  [Log] Login Button Clicked 
2020-10-21 12:04:50,797 INFO  [Log] GDPR 
2020-10-21 12:04:51,625 INFO  [Log] btn_agree_EVENT 
2020-10-21 12:04:57,683 INFO  [Log] Login Button Clicked 
2020-10-21 12:05:33,439 INFO  [Log] Verify Button EVENT 
2020-10-21 12:05:38,899 INFO  [Log] Verify Button EVENT 
2020-10-21 12:05:48,026 INFO  [Log] categorylist 	Movie_Category_Seeall 
2020-10-21 12:05:50,295 INFO  [Log] Action 
2020-10-21 12:07:46,325 INFO  [Log] GDPR 
2020-10-21 12:07:47,028 INFO  [Log] btn_agree_EVENT 
2020-10-21 12:07:52,923 INFO  [Log] Login Button Clicked 
2020-10-21 12:08:31,231 INFO  [Log] Verify Button EVENT 
2020-10-21 12:08:36,370 INFO  [Log] Verify Button EVENT 
2020-10-21 12:08:45,193 INFO  [Log] categorylist 	Movie_Category_Seeall 
2020-10-21 12:08:48,334 INFO  [Log] Action 
2020-10-21 12:11:55,892 INFO  [Log] GDPR 
2020-10-21 12:11:56,644 INFO  [Log] btn_agree_EVENT 
2020-10-21 12:12:01,276 INFO  [Log] Login Button Clicked 
2020-10-21 12:12:36,995 INFO  [Log] Verify Button EVENT 
2020-10-21 12:12:42,387 INFO  [Log] Verify Button EVENT 
2020-10-21 12:12:50,633 INFO  [Log] categorylist 	Movie_Category_Seeall 
2020-10-21 12:12:53,914 INFO  [Log] Action 
2020-10-21 12:16:24,203 INFO  [Log] GDPR 
2020-10-21 12:16:25,058 INFO  [Log] btn_agree_EVENT 
2020-10-21 12:16:30,535 INFO  [Log] Login Button Clicked 
2020-10-21 12:17:06,210 INFO  [Log] Verify Button EVENT 
2020-10-21 12:17:12,184 INFO  [Log] Verify Button EVENT 
2020-10-21 12:17:20,466 INFO  [Log] categorylist 	Movie_Category_Seeall 
2020-10-21 12:17:23,569 INFO  [Log] Action 
2020-10-21 12:21:15,615 INFO  [Log] GDPR 
2020-10-21 12:21:16,461 INFO  [Log] btn_agree_EVENT 
2020-10-21 12:21:21,795 INFO  [Log] Login Button Clicked 
2020-10-21 12:21:57,465 INFO  [Log] Verify Button EVENT 
2020-10-21 12:22:03,328 INFO  [Log] Verify Button EVENT 
2020-10-21 12:22:11,367 INFO  [Log] categorylist 	Movie_Category_Seeall 
2020-10-21 12:22:14,163 INFO  [Log] Action 
2020-10-21 13:18:53,331 INFO  [Log] GDPR 
2020-10-21 13:18:53,965 INFO  [Log] btn_agree_EVENT 
2020-10-21 13:18:59,104 INFO  [Log] Login Button Clicked 
2020-10-21 13:19:52,405 INFO  [Log] GDPR 
2020-10-21 13:20:38,363 INFO  [Log] GDPR 
2020-10-21 13:20:39,051 INFO  [Log] btn_agree_EVENT 
2020-10-21 13:20:44,524 INFO  [Log] Login Button Clicked 
2020-10-21 13:21:44,792 INFO  [Log] GDPR 
2020-10-21 13:22:45,035 INFO  [Log] GDPR 
2020-10-21 13:22:45,757 INFO  [Log] btn_agree_EVENT 
2020-10-21 13:22:50,863 INFO  [Log] Login Button Clicked 
2020-10-21 13:23:26,353 INFO  [Log] Verify Button EVENT 
2020-10-21 13:23:31,361 INFO  [Log] Verify Button EVENT 
2020-10-21 13:23:39,789 INFO  [Log] categorylist 	Movie_Category_Seeall 
2020-10-21 13:23:42,583 INFO  [Log] Action 
2020-10-21 14:50:45,511 INFO  [Log] GDPR 
2020-10-21 14:50:46,194 INFO  [Log] btn_agree_EVENT 
2020-10-21 14:50:50,814 INFO  [Log] Login Button Clicked 
2020-10-21 14:51:26,453 INFO  [Log] Verify Button EVENT 
2020-10-21 14:51:31,542 INFO  [Log] Verify Button EVENT 
2020-10-21 14:51:38,998 INFO  [Log] ViewAll 
2020-10-21 14:55:12,248 INFO  [Log] GDPR 
2020-10-21 14:55:12,904 INFO  [Log] btn_agree_EVENT 
2020-10-21 14:55:18,851 INFO  [Log] Login Button Clicked 
2020-10-21 14:55:54,469 INFO  [Log] Verify Button EVENT 
2020-10-21 14:57:08,020 INFO  [Log] GDPR 
2020-10-21 14:57:55,990 INFO  [Log] GDPR 
2020-10-21 14:57:56,590 INFO  [Log] btn_agree_EVENT 
2020-10-21 14:58:01,660 INFO  [Log] Login Button Clicked 
2020-10-21 14:58:37,190 INFO  [Log] Verify Button EVENT 
2020-10-21 14:58:46,563 INFO  [Log] Verify Button EVENT 
2020-10-21 14:58:54,869 INFO  [Log] ViewAll 
2020-10-21 15:29:47,709 INFO  [Log] GDPR 
2020-10-21 15:29:48,411 INFO  [Log] btn_agree_EVENT 
2020-10-21 15:29:53,519 INFO  [Log] Login Button Clicked 
2020-10-21 15:30:29,169 INFO  [Log] Verify Button EVENT 
2020-10-21 15:30:37,530 INFO  [Log] Verify Button EVENT 
2020-10-21 15:30:48,214 INFO  [Log] categorylist 	Movie_Category_Seeall 
2020-10-21 15:30:50,458 INFO  [Log] Action 
2020-10-21 15:30:58,457 INFO  [Log] ViewAll 
2020-10-21 15:39:36,132 INFO  [Log] GDPR 
2020-10-21 15:39:36,828 INFO  [Log] btn_agree_EVENT 
2020-10-21 15:39:42,399 INFO  [Log] Login Button Clicked 
2020-10-21 15:41:03,943 INFO  [Log] GDPR 
2020-10-21 15:41:04,652 INFO  [Log] btn_agree_EVENT 
2020-10-21 15:41:09,279 INFO  [Log] Login Button Clicked 
2020-10-21 15:42:09,530 INFO  [Log] GDPR 
2020-10-21 15:42:10,170 INFO  [Log] btn_agree_EVENT 
2020-10-21 15:42:15,649 INFO  [Log] Login Button Clicked 
2020-10-21 15:42:36,501 INFO  [Log] Verify Button EVENT 
2020-10-21 17:10:24,281 INFO  [Log] GDPR 
2020-10-21 17:10:25,156 INFO  [Log] btn_agree_EVENT 
2020-10-21 17:10:30,174 INFO  [Log] Login Button Clicked 
2020-10-21 17:10:50,937 INFO  [Log] Verify Button EVENT 
2020-10-21 17:11:00,156 INFO  [Log] Verify Button EVENT 
2020-10-21 17:11:14,448 INFO  [Log] Banner_Action Click EVENT 
2020-10-21 17:11:23,344 INFO  [Log] ViewAll 
2020-10-21 18:01:39,631 INFO  [Log] GDPR 
2020-10-21 18:02:50,355 INFO  [Log] GDPR 
2020-10-21 18:02:51,685 INFO  [Log] btn_agree_EVENT 
2020-10-21 18:02:58,224 INFO  [Log] Login Button Clicked 
2020-10-21 18:03:19,049 INFO  [Log] Verify Button EVENT 
2020-10-21 18:03:25,789 INFO  [Log] Verify Button EVENT 
2020-10-21 18:03:40,323 INFO  [Log] categorylist 	Movie_Category_Seeall 
2020-10-21 18:03:44,201 INFO  [Log] Action 
2020-10-21 19:14:51,505 INFO  [Log] GDPR 
2020-10-21 19:14:52,066 INFO  [Log] btn_agree_EVENT 
2020-10-21 19:14:58,126 INFO  [Log] Login Button Clicked 
2020-10-21 19:15:18,569 INFO  [Log] Verify Button EVENT 
2020-10-21 19:15:23,894 INFO  [Log] Verify Button EVENT 
2020-10-21 19:15:35,482 INFO  [Log] categorylist 	Movie_Category_Seeall 
2020-10-21 19:15:38,262 INFO  [Log] Action 
2020-10-21 19:18:31,563 INFO  [Log] GDPR 
2020-10-21 19:18:32,106 INFO  [Log] btn_agree_EVENT 
2020-10-21 19:18:37,125 INFO  [Log] Login Button Clicked 
2020-10-21 19:18:57,575 INFO  [Log] Verify Button EVENT 
2020-10-21 19:20:07,133 INFO  [Log] GDPR 
2020-10-21 19:20:07,721 INFO  [Log] btn_agree_EVENT 
2020-10-21 19:20:59,838 INFO  [Log] GDPR 
2020-10-21 19:21:00,384 INFO  [Log] btn_agree_EVENT 
2020-10-21 19:21:05,093 INFO  [Log] Login Button Clicked 
2020-10-21 19:21:25,562 INFO  [Log] Verify Button EVENT 
2020-10-21 19:21:33,790 INFO  [Log] Verify Button EVENT 
2020-10-21 19:21:40,372 INFO  [Log] categorylist 	Movie_Category_Seeall 
2020-10-21 19:21:43,113 INFO  [Log] Action 
2020-10-21 19:24:37,834 INFO  [Log] GDPR 
2020-10-21 19:24:38,407 INFO  [Log] btn_agree_EVENT 
2020-10-21 19:24:43,963 INFO  [Log] Login Button Clicked 
2020-10-21 19:25:05,125 INFO  [Log] Verify Button EVENT 
2020-10-21 19:25:50,275 INFO  [Log] GDPR 
2020-10-21 19:25:50,974 INFO  [Log] btn_agree_EVENT 
2020-10-21 19:25:56,545 INFO  [Log] Login Button Clicked 
2020-10-21 19:26:17,177 INFO  [Log] Verify Button EVENT 
2020-10-21 19:28:05,255 INFO  [Log] GDPR 
2020-10-21 19:28:43,439 INFO  [Log] GDPR 
2020-10-21 19:28:44,183 INFO  [Log] btn_agree_EVENT 
2020-10-21 19:28:49,355 INFO  [Log] Login Button Clicked 
2020-10-21 19:29:19,918 INFO  [Log] Verify Button EVENT 
2020-10-21 19:29:28,097 INFO  [Log] Verify Button EVENT 
2020-10-21 19:29:35,291 INFO  [Log] categorylist 	Movie_Category_Seeall 
2020-10-21 19:29:38,393 INFO  [Log] Action 
2020-10-21 19:31:33,760 INFO  [Log] GDPR 
2020-10-21 19:31:34,497 INFO  [Log] btn_agree_EVENT 
2020-10-21 19:31:40,053 INFO  [Log] Login Button Clicked 
2020-10-21 19:32:10,612 INFO  [Log] Verify Button EVENT 
2020-10-21 19:32:18,475 INFO  [Log] Verify Button EVENT 
2020-10-21 19:32:26,503 INFO  [Log] categorylist 	Movie_Category_Seeall 
2020-10-21 19:32:29,832 INFO  [Log] Action 
2020-10-21 19:35:24,597 INFO  [Log] GDPR 
2020-10-21 19:35:25,335 INFO  [Log] btn_agree_EVENT 
2020-10-21 19:35:30,497 INFO  [Log] Login Button Clicked 
2020-10-21 19:36:01,065 INFO  [Log] Verify Button EVENT 
2020-10-21 19:37:08,177 INFO  [Log] GDPR 
2020-10-21 19:37:08,909 INFO  [Log] btn_agree_EVENT 
2020-10-21 19:37:14,134 INFO  [Log] Login Button Clicked 
2020-10-21 19:37:44,683 INFO  [Log] Verify Button EVENT 
2020-10-21 19:37:51,591 INFO  [Log] Verify Button EVENT 
2020-10-21 19:37:59,918 INFO  [Log] categorylist 	Movie_Category_Seeall 
2020-10-21 19:38:02,726 INFO  [Log] Action 
2020-10-21 19:41:49,844 INFO  [Log] GDPR 
2020-10-21 19:41:50,492 INFO  [Log] btn_agree_EVENT 
2020-10-21 19:41:55,704 INFO  [Log] Login Button Clicked 
2020-10-21 19:42:26,296 INFO  [Log] Verify Button EVENT 
2020-10-21 19:43:46,928 INFO  [Log] GDPR 
2020-10-21 19:43:47,629 INFO  [Log] btn_agree_EVENT 
2020-10-21 19:43:52,858 INFO  [Log] Login Button Clicked 
2020-10-21 19:44:23,388 INFO  [Log] Verify Button EVENT 
2020-10-21 19:44:27,311 INFO  [Log] Verify Button EVENT 
2020-10-21 19:44:36,346 INFO  [Log] categorylist 	Movie_Category_Seeall 
2020-10-21 19:44:39,148 INFO  [Log] Action 
2020-10-21 19:50:02,533 INFO  [Log] GDPR 
2020-10-21 19:50:03,142 INFO  [Log] btn_agree_EVENT 
2020-10-21 19:50:08,979 INFO  [Log] Login Button Clicked 
2020-10-21 19:50:39,513 INFO  [Log] Verify Button EVENT 
2020-10-21 19:50:45,705 INFO  [Log] Verify Button EVENT 
2020-10-21 19:50:58,294 INFO  [Log] Banner_Action Click EVENT 
2020-10-21 19:51:11,272 INFO  [Log] ViewAll 
2020-10-21 19:53:24,075 INFO  [Log] GDPR 
2020-10-21 19:53:24,804 INFO  [Log] btn_agree_EVENT 
2020-10-21 19:54:12,273 INFO  [Log] GDPR 
2020-10-21 19:54:12,929 INFO  [Log] btn_agree_EVENT 
2020-10-21 19:54:18,160 INFO  [Log] Login Button Clicked 
2020-10-21 19:54:48,738 INFO  [Log] Verify Button EVENT 
2020-10-21 19:54:52,709 INFO  [Log] Verify Button EVENT 
2020-10-21 19:56:32,274 INFO  [Log] ViewAll 
2020-10-21 19:56:42,814 INFO  [Log] categorylist 	Movie_Category_Seeall 
2020-10-21 19:56:45,955 INFO  [Log] Action 
2020-10-21 19:59:15,482 INFO  [Log] GDPR 
2020-10-21 19:59:16,200 INFO  [Log] btn_agree_EVENT 
2020-10-21 19:59:20,977 INFO  [Log] Login Button Clicked 
2020-10-21 19:59:51,540 INFO  [Log] Verify Button EVENT 
2020-10-21 19:59:59,965 INFO  [Log] Verify Button EVENT 
2020-10-21 20:01:40,734 INFO  [Log] ViewAll 
2020-10-21 20:02:02,639 INFO  [Log] categorylist 	Movie_Category_Seeall 
2020-10-21 20:02:05,786 INFO  [Log] Action 
2020-10-21 20:04:37,842 INFO  [Log] GDPR 
2020-10-21 20:04:38,494 INFO  [Log] btn_agree_EVENT 
2020-10-21 20:04:43,194 INFO  [Log] Login Button Clicked 
2020-10-21 20:05:14,157 INFO  [Log] Verify Button EVENT 
2020-10-21 20:05:19,337 INFO  [Log] Verify Button EVENT 
2020-10-21 20:07:01,848 INFO  [Log] ViewAll 
2020-10-21 20:07:27,912 INFO  [Log] categorylist 	Movie_Category_Seeall 
2020-10-21 20:07:30,656 INFO  [Log] Action 
2020-10-21 20:11:14,341 INFO  [Log] GDPR 
2020-10-21 20:11:14,935 INFO  [Log] btn_agree_EVENT 
2020-10-21 20:11:19,674 INFO  [Log] Login Button Clicked 
2020-10-21 20:11:50,635 INFO  [Log] Verify Button EVENT 
2020-10-21 20:11:55,931 INFO  [Log] Verify Button EVENT 
2020-10-21 20:13:32,809 INFO  [Log] ViewAll 
2020-10-22 18:08:53,302 INFO  [Log] GDPR 
2020-10-22 18:08:54,099 INFO  [Log] btn_agree_EVENT 
2020-10-22 18:08:59,339 INFO  [Log] Login Button Clicked 
2020-10-24 03:34:02,773 INFO  [Log] GDPR 
2020-10-24 03:34:03,671 INFO  [Log] btn_agree_EVENT 
2020-10-24 03:34:08,799 INFO  [Log] Login Button Clicked 
2020-10-24 03:34:39,343 INFO  [Log] Verify Button EVENT 
2020-10-24 03:34:45,496 INFO  [Log] Verify Button EVENT 
2020-10-24 03:35:08,148 INFO  [Log] ViewAll 
2020-10-24 03:35:34,801 INFO  [Log] categorylist 	Movie_Category_Seeall 
2020-10-24 03:35:37,526 INFO  [Log] Action 
2020-10-24 03:37:26,278 INFO  [Log] GDPR 
2020-10-24 03:37:27,044 INFO  [Log] btn_agree_EVENT 
2020-10-24 03:37:31,793 INFO  [Log] Login Button Clicked 
2020-10-24 03:38:03,271 INFO  [Log] Verify Button EVENT 
2020-10-24 03:38:09,629 INFO  [Log] Verify Button EVENT 
2020-10-24 03:39:46,695 INFO  [Log] ViewAll 
2020-10-24 03:40:12,354 INFO  [Log] categorylist 	Movie_Category_Seeall 
2020-10-24 03:40:15,115 INFO  [Log] Action 
2020-10-25 15:05:15,637 INFO  [Log] GDPR 
2020-10-25 15:05:16,194 INFO  [Log] btn_agree_EVENT 
2020-10-25 15:05:21,414 INFO  [Log] Login Button Clicked 
2020-10-25 15:05:51,957 INFO  [Log] Verify Button EVENT 
2020-10-25 15:05:57,854 INFO  [Log] Verify Button EVENT 
2020-10-25 15:06:09,544 INFO  [Log] ViewAll 
2020-10-25 15:09:05,055 INFO  [Log] GDPR 
2020-10-25 15:09:05,655 INFO  [Log] btn_agree_EVENT 
2020-10-25 15:09:10,770 INFO  [Log] Login Button Clicked 
2020-10-25 15:09:41,325 INFO  [Log] Verify Button EVENT 
2020-10-25 15:09:49,225 INFO  [Log] Verify Button EVENT 
2020-10-25 15:11:53,935 INFO  [Log] GDPR 
2020-10-25 15:11:54,630 INFO  [Log] btn_agree_EVENT 
2020-10-25 15:11:59,895 INFO  [Log] Login Button Clicked 
2020-10-25 15:12:30,375 INFO  [Log] Verify Button EVENT 
2020-10-25 15:12:38,028 INFO  [Log] Verify Button EVENT 
2020-10-25 15:13:05,833 INFO  [Log] categorylist 	Movie_Category_Seeall 
2020-10-25 15:13:08,584 INFO  [Log] Action 
2020-10-25 15:14:39,275 INFO  [Log] GDPR 
2020-10-25 15:14:41,090 INFO  [Log] btn_agree_EVENT 
2020-10-25 15:14:46,280 INFO  [Log] Login Button Clicked 
2020-10-25 15:15:16,820 INFO  [Log] Verify Button EVENT 
2020-10-25 15:16:06,890 INFO  [Log] GDPR 
2020-10-25 15:16:07,622 INFO  [Log] btn_agree_EVENT 
2020-10-25 15:16:12,859 INFO  [Log] Login Button Clicked 
2020-10-25 15:16:43,560 INFO  [Log] Verify Button EVENT 
2020-10-25 15:16:47,500 INFO  [Log] Verify Button EVENT 
2020-10-25 15:19:49,616 INFO  [Log] GDPR 
2020-10-25 15:19:50,243 INFO  [Log] btn_agree_EVENT 
2020-10-25 15:19:55,425 INFO  [Log] Login Button Clicked 
2020-10-25 15:20:26,057 INFO  [Log] Verify Button EVENT 
2020-10-25 15:22:10,997 INFO  [Log] GDPR 
2020-10-25 15:22:11,707 INFO  [Log] btn_agree_EVENT 
2020-10-25 15:22:16,927 INFO  [Log] Login Button Clicked 
2020-10-25 15:23:17,403 INFO  [Log] GDPR 
2020-10-25 15:24:34,110 INFO  [Log] GDPR 
2020-10-25 15:24:34,840 INFO  [Log] btn_agree_EVENT 
2020-10-25 15:24:41,380 INFO  [Log] Login Button Clicked 
2020-10-25 15:25:11,977 INFO  [Log] Verify Button EVENT 
2020-10-25 15:25:15,787 INFO  [Log] Verify Button EVENT 
2020-10-25 15:25:29,827 INFO  [Log] categorylist 	Movie_Category_Seeall 
2020-10-25 15:25:32,797 INFO  [Log] Action 
2020-10-25 15:26:38,782 INFO  [Log] GDPR 
2020-10-25 15:27:39,412 INFO  [Log] GDPR 
2020-10-25 15:27:41,193 INFO  [Log] btn_agree_EVENT 
2020-10-25 15:27:46,952 INFO  [Log] Login Button Clicked 
2020-10-25 15:28:17,483 INFO  [Log] Verify Button EVENT 
2020-10-25 15:29:08,063 INFO  [Log] GDPR 
2020-10-25 15:29:08,623 INFO  [Log] btn_agree_EVENT 
2020-10-25 15:29:13,743 INFO  [Log] Login Button Clicked 
2020-10-25 15:29:44,253 INFO  [Log] Verify Button EVENT 
2020-10-25 15:29:52,843 INFO  [Log] Verify Button EVENT 
2020-10-25 15:30:12,333 INFO  [Log] categorylist 	Movie_Category_Seeall 
2020-10-25 15:30:15,483 INFO  [Log] Action 
2020-10-25 15:31:57,587 INFO  [Log] GDPR 
2020-10-25 15:31:58,237 INFO  [Log] btn_agree_EVENT 
2020-10-25 15:32:03,844 INFO  [Log] Login Button Clicked 
2020-10-25 15:32:34,661 INFO  [Log] Verify Button EVENT 
2020-10-25 15:32:42,431 INFO  [Log] Verify Button EVENT 
2020-10-25 15:35:38,922 INFO  [Log] GDPR 
2020-10-25 15:35:40,797 INFO  [Log] btn_agree_EVENT 
2020-10-25 15:35:46,921 INFO  [Log] Login Button Clicked 
2020-10-25 15:36:17,827 INFO  [Log] Verify Button EVENT 
2020-10-25 15:37:05,297 INFO  [Log] GDPR 
2020-10-25 15:37:05,781 INFO  [Log] btn_agree_EVENT 
2020-10-25 15:37:11,022 INFO  [Log] Login Button Clicked 
2020-10-25 15:37:41,936 INFO  [Log] Verify Button EVENT 
2020-10-25 15:37:47,252 INFO  [Log] Verify Button EVENT 
2020-10-25 15:38:04,192 INFO  [Log] categorylist 	Movie_Category_Seeall 
2020-10-25 15:38:07,216 INFO  [Log] Action 
2020-10-25 15:41:37,951 INFO  [Log] GDPR 
2020-10-25 15:41:38,608 INFO  [Log] btn_agree_EVENT 
2020-10-25 15:41:43,855 INFO  [Log] Login Button Clicked 
2020-10-25 15:42:14,393 INFO  [Log] Verify Button EVENT 
2020-10-25 15:42:22,848 INFO  [Log] Verify Button EVENT 
2020-10-25 15:42:36,288 INFO  [Log] categorylist 	Movie_Category_Seeall 
2020-10-25 15:42:39,103 INFO  [Log] Action 
2020-10-25 15:44:25,645 INFO  [Log] GDPR 
2020-10-25 15:44:26,355 INFO  [Log] btn_agree_EVENT 
2020-10-25 15:44:31,973 INFO  [Log] Login Button Clicked 
2020-10-25 15:45:02,535 INFO  [Log] Verify Button EVENT 
2020-10-25 15:45:10,475 INFO  [Log] Verify Button EVENT 
2020-10-25 15:45:25,290 INFO  [Log] categorylist 	Movie_Category_Seeall 
2020-10-25 15:45:28,343 INFO  [Log] Action 
2020-10-25 15:49:22,228 INFO  [Log] GDPR 
2020-10-25 15:49:22,898 INFO  [Log] btn_agree_EVENT 
2020-10-25 15:49:28,138 INFO  [Log] Login Button Clicked 
2020-10-25 15:49:58,723 INFO  [Log] Verify Button EVENT 
2020-10-25 15:50:04,833 INFO  [Log] Verify Button EVENT 
2020-10-25 15:50:19,005 INFO  [Log] categorylist 	Movie_Category_Seeall 
2020-10-25 15:50:21,767 INFO  [Log] Action 
2020-10-25 15:52:43,978 INFO  [Log] GDPR 
2020-10-25 15:52:44,618 INFO  [Log] btn_agree_EVENT 
2020-10-25 15:52:49,498 INFO  [Log] Login Button Clicked 
2020-10-25 15:53:20,048 INFO  [Log] Verify Button EVENT 
2020-10-25 15:53:28,558 INFO  [Log] Verify Button EVENT 
2020-10-25 15:53:42,178 INFO  [Log] categorylist 	Movie_Category_Seeall 
2020-10-25 15:53:45,368 INFO  [Log] Action 
2020-10-25 15:55:26,582 INFO  [Log] GDPR 
2020-10-25 15:55:27,312 INFO  [Log] btn_agree_EVENT 
2020-10-25 15:55:32,482 INFO  [Log] Login Button Clicked 
2020-10-25 15:56:03,469 INFO  [Log] Verify Button EVENT 
2020-10-25 15:56:09,414 INFO  [Log] Verify Button EVENT 
2020-10-25 15:56:25,639 INFO  [Log] categorylist 	Movie_Category_Seeall 
2020-10-25 15:56:28,814 INFO  [Log] Action 
2020-10-25 16:00:58,008 INFO  [Log] GDPR 
2020-10-25 16:00:58,698 INFO  [Log] btn_agree_EVENT 
2020-10-25 16:01:03,728 INFO  [Log] Login Button Clicked 
2020-10-25 16:01:34,239 INFO  [Log] Verify Button EVENT 
2020-10-25 16:01:42,372 INFO  [Log] Verify Button EVENT 
2020-10-25 16:01:56,274 INFO  [Log] categorylist 	Movie_Category_Seeall 
2020-10-25 16:01:59,099 INFO  [Log] Action 
2020-10-25 16:04:28,746 INFO  [Log] GDPR 
2020-10-25 16:04:29,501 INFO  [Log] btn_agree_EVENT 
2020-10-25 16:04:34,771 INFO  [Log] Login Button Clicked 
2020-10-25 16:05:05,361 INFO  [Log] Verify Button EVENT 
2020-10-25 16:05:13,271 INFO  [Log] Verify Button EVENT 
2020-10-25 16:05:28,331 INFO  [Log] categorylist 	Movie_Category_Seeall 
2020-10-25 16:05:31,161 INFO  [Log] Action 
2020-10-25 16:09:04,767 INFO  [Log] GDPR 
2020-10-25 16:09:05,527 INFO  [Log] btn_agree_EVENT 
2020-10-25 16:09:10,748 INFO  [Log] Login Button Clicked 
2020-10-25 16:09:41,322 INFO  [Log] Verify Button EVENT 
2020-10-25 16:09:46,675 INFO  [Log] Verify Button EVENT 
2020-10-25 16:10:00,875 INFO  [Log] categorylist 	Movie_Category_Seeall 
2020-10-25 16:10:04,105 INFO  [Log] Action 
2020-10-25 16:13:34,058 INFO  [Log] GDPR 
2020-10-25 16:13:34,818 INFO  [Log] btn_agree_EVENT 
2020-10-25 16:13:41,073 INFO  [Log] Login Button Clicked 
2020-10-25 16:14:11,653 INFO  [Log] Verify Button EVENT 
2020-10-25 16:14:15,633 INFO  [Log] Verify Button EVENT 
2020-10-25 16:15:53,963 INFO  [Log] categorylist 	Movie_Category_Seeall 
2020-10-25 16:15:56,753 INFO  [Log] Action 
2020-11-03 16:26:25,990 INFO  [Log] GDPR 
2020-11-03 16:26:26,800 INFO  [Log] btn_agree_EVENT 
2020-11-03 16:26:32,060 INFO  [Log] Login Button Clicked 
2020-11-03 16:27:55,421 INFO  [Log] GDPR 
2020-11-03 16:27:56,437 INFO  [Log] btn_agree_EVENT 
2020-11-03 16:28:01,596 INFO  [Log] Login Button Clicked 
2020-11-03 16:28:32,108 INFO  [Log] Verify Button EVENT 
2020-11-03 16:28:38,811 INFO  [Log] Verify Button EVENT 
2023-11-12 10:56:50,526 INFO  [Log] check Button Clicked 
2023-11-12 10:56:51,414 INFO  [Log] Login Button Clicked 
2023-11-12 11:00:52,318 INFO  [Log] check Button Clicked 
2023-11-12 11:00:53,283 INFO  [Log] Login Button Clicked 
2023-11-12 11:00:55,326 INFO  [Log] Home Page 
2023-11-12 11:01:25,215 INFO  [Log] check Button Clicked 
2023-11-12 11:01:26,425 INFO  [Log] Login Button Clicked 
2023-11-12 11:01:28,485 INFO  [Log] Home Page 
2023-11-12 11:02:07,379 INFO  [Log] check Button Clicked 
2023-11-12 11:02:08,522 INFO  [Log] Login Button Clicked 
2023-11-12 11:02:10,618 INFO  [Log] Home Page 
2023-11-12 11:03:52,991 INFO  [Log] Home Page 
2023-11-12 11:38:52,397 INFO  [Log] check Button Clicked 
2023-11-12 11:38:52,836 INFO  [Log] Login Button Clicked 
2023-11-12 11:38:54,878 INFO  [Log] Home Page 
2023-11-12 11:41:17,260 INFO  [Log] check Button Clicked 
2023-11-12 11:41:17,636 INFO  [Log] Login Button Clicked 
2023-11-12 11:41:19,662 INFO  [Log] Home Page 
2023-11-12 11:41:49,134 INFO  [Log] check Button Clicked 
2023-11-12 11:41:49,598 INFO  [Log] Login Button Clicked 
2023-11-12 11:41:51,641 INFO  [Log] Home Page 
2023-11-12 11:43:03,016 INFO  [Log] check Button Clicked 
2023-11-12 11:43:03,427 INFO  [Log] Login Button Clicked 
2023-11-12 11:43:05,458 INFO  [Log] Home Page 
2023-11-12 11:46:24,233 INFO  [Log] check Button Clicked 
2023-11-12 11:46:24,765 INFO  [Log] Login Button Clicked 
2023-11-12 11:46:26,799 INFO  [Log] Home Page 
2023-11-12 11:50:01,034 INFO  [Log] check Button Clicked 
2023-11-12 11:50:01,405 INFO  [Log] Login Button Clicked 
2023-11-12 11:50:03,437 INFO  [Log] Home Page 
2023-11-12 11:50:33,608 INFO  [Log] check Button Clicked 
2023-11-12 11:50:34,006 INFO  [Log] Login Button Clicked 
2023-11-12 11:50:36,042 INFO  [Log] Home Page 
2023-11-12 13:24:50,561 INFO  [Log] check Button Clicked 
2023-11-12 13:24:51,136 INFO  [Log] Login Button Clicked 
2023-11-12 13:24:53,178 INFO  [Log] Home Page 
2023-11-12 13:33:05,494 INFO  [Log] check Button Clicked 
2023-11-12 13:33:06,429 INFO  [Log] Login Button Clicked 
2023-11-12 13:33:08,474 INFO  [Log] Home Page 
2023-11-12 13:40:51,209 INFO  [Log] check Button Clicked 
2023-11-12 13:40:51,764 INFO  [Log] Login Button Clicked 
2023-11-12 13:40:53,802 INFO  [Log] Home Page 
2023-11-12 13:41:46,619 INFO  [Log] check Button Clicked 
2023-11-12 13:41:47,178 INFO  [Log] Login Button Clicked 
2023-11-12 13:41:49,295 INFO  [Log] Home Page 
2023-11-12 13:56:29,760 INFO  [Log] Home Page 
2023-11-12 13:56:53,354 INFO  [Log] Home Page 
2023-11-12 13:57:29,590 INFO  [Log] Home Page 
2023-11-12 15:17:25,791 INFO  [Log] check Button Clicked 
2023-11-12 15:17:26,336 INFO  [Log] Login Button Clicked 
2023-11-12 15:17:28,542 INFO  [Log] Home Page 
2023-11-12 16:03:49,703 INFO  [Log] Home Page 
2023-11-12 16:04:31,937 INFO  [Log] Home Page 
2023-11-12 16:54:00,078 INFO  [Log] Home Page 
2023-11-12 16:55:04,702 INFO  [Log] Home Page 
2023-11-12 16:57:04,414 INFO  [Log] Home Page 
2023-11-12 17:06:32,337 INFO  [Log] Home Page 
2023-11-12 17:08:10,327 INFO  [Log] Home Page 
2023-11-12 17:08:52,837 INFO  [Log] Home Page 
2023-11-12 17:09:21,158 INFO  [Log] Home Page 
2023-11-12 17:13:37,481 INFO  [Log] check Button Clicked 
2023-11-12 17:13:38,097 INFO  [Log] Login Button Clicked 
2023-11-12 17:13:40,435 INFO  [Log] Home Page 
2023-11-12 17:17:02,677 INFO  [Log] check Button Clicked 
2023-11-12 17:17:03,237 INFO  [Log] Login Button Clicked 
2023-11-12 17:17:05,427 INFO  [Log] Home Page 
2023-11-12 17:18:58,702 INFO  [Log] check Button Clicked 
2023-11-12 17:18:59,261 INFO  [Log] Login Button Clicked 
2023-11-12 17:19:01,556 INFO  [Log] Home Page 
2023-11-12 17:36:56,692 INFO  [Log] Home Page 
2023-11-12 17:40:54,217 INFO  [Log] Home Page 
2023-11-12 17:45:09,587 INFO  [Log] Home Page 
2023-11-12 17:56:13,430 INFO  [Log] Home Page 
2023-11-12 18:01:49,847 INFO  [Log] Home Page 
2023-11-12 18:20:57,375 INFO  [Log] Home Page 
2023-11-12 18:23:10,481 INFO  [Log] Home Page 
2023-11-12 18:28:08,683 INFO  [Log] Home Page 
2023-11-12 18:31:19,338 INFO  [Log] Home Page 
2023-11-12 19:00:57,408 INFO  [Log] Home Page 
2023-11-12 19:03:37,273 INFO  [Log] Home Page 
